[ 2025-11-15 23:54:20,426 ] - 29 - INFO - Initializing Training Pipeline configurations...
[ 2025-11-15 23:54:20,426 ] - 47 - INFO - ==== Starting Data Ingestion ====
[ 2025-11-15 23:54:22,854 ] - 56 - INFO - ==== Starting Data Processing ====
[ 2025-11-15 23:54:22,854 ] - 76 - INFO - Reading from the data ingestion_artifacts ie final_data
[ 2025-11-15 23:54:23,924 ] - 79 - INFO - Removing the unnecessary columns
[ 2025-11-15 23:54:23,924 ] - 82 - INFO - Dropping the null values
[ 2025-11-15 23:54:23,924 ] - 85 - INFO - Processing the text columns to obtain meaningful informations
[ 2025-11-15 23:54:35,626 ] - 101 - INFO - Add all these columns into 1
[ 2025-11-15 23:54:43,147 ] - 69 - INFO - ==== Starting Recommender Training ====
[ 2025-11-15 23:54:43,147 ] - 25 - INFO - Reading the processed dataframe
[ 2025-11-15 23:54:43,209 ] - 28 - INFO - Vectorizing tags using CountVectorizer
[ 2025-11-15 23:54:43,654 ] - 32 - INFO - Calculating cosine similarity matrix
[ 2025-11-15 23:54:46,264 ] - 38 - INFO - Saving vectorizer.pkl
[ 2025-11-15 23:54:46,311 ] - 42 - INFO - Saving similarity.pkl
[ 2025-11-15 23:54:47,141 ] - 45 - INFO - === MODEL TRAINING COMPLETED SUCCESSFULLY ===
[ 2025-11-15 23:54:47,390 ] - 97 - WARNING -  * Debugger is active!
[ 2025-11-15 23:54:47,390 ] - 97 - INFO -  * Debugger PIN: 134-641-721
[ 2025-11-15 23:56:46,067 ] - 97 - INFO - 127.0.0.1 - - [15/Nov/2025 23:56:46] "GET / HTTP/1.1" 200 -
[ 2025-11-15 23:56:47,281 ] - 97 - INFO - 127.0.0.1 - - [15/Nov/2025 23:56:47] "[33mGET /favicon.ico HTTP/1.1[0m" 404 -
[ 2025-11-15 23:57:01,050 ] - 19 - INFO - Reading the dataframe
[ 2025-11-15 23:57:01,128 ] - 26 - INFO - Loading the similarity matrix
[ 2025-11-15 23:57:01,282 ] - 39 - INFO - Recommendations generated for 'Batman'
[ 2025-11-15 23:57:01,338 ] - 97 - INFO - 127.0.0.1 - - [15/Nov/2025 23:57:01] "POST /recommend HTTP/1.1" 200 -
[ 2025-11-15 23:59:02,593 ] - 97 - INFO -  * Detected change in 'D:\\Movie-Recommender\\app.py', reloading
