[ 2025-11-15 23:50:57,244 ] - 29 - INFO - Initializing Training Pipeline configurations...
[ 2025-11-15 23:50:57,244 ] - 47 - INFO - ==== Starting Data Ingestion ====
[ 2025-11-15 23:51:00,545 ] - 56 - INFO - ==== Starting Data Processing ====
[ 2025-11-15 23:51:00,561 ] - 76 - INFO - Reading from the data ingestion_artifacts ie final_data
[ 2025-11-15 23:51:01,560 ] - 79 - INFO - Removing the unnecessary columns
[ 2025-11-15 23:51:01,576 ] - 82 - INFO - Dropping the null values
[ 2025-11-15 23:51:01,576 ] - 85 - INFO - Processing the text columns to obtain meaningful informations
[ 2025-11-15 23:51:17,222 ] - 101 - INFO - Add all these columns into 1
[ 2025-11-15 23:51:27,381 ] - 69 - INFO - ==== Starting Recommender Training ====
[ 2025-11-15 23:51:27,386 ] - 25 - INFO - Reading the processed dataframe
[ 2025-11-15 23:51:27,466 ] - 28 - INFO - Vectorizing tags using CountVectorizer
[ 2025-11-15 23:51:28,159 ] - 32 - INFO - Calculating cosine similarity matrix
[ 2025-11-15 23:51:32,444 ] - 38 - INFO - Saving vectorizer.pkl
[ 2025-11-15 23:51:32,538 ] - 42 - INFO - Saving similarity.pkl
[ 2025-11-15 23:51:33,336 ] - 45 - INFO - === MODEL TRAINING COMPLETED SUCCESSFULLY ===
[ 2025-11-15 23:51:33,872 ] - 97 - INFO - [31m[1mWARNING: This is a development server. Do not use it in a production deployment. Use a production WSGI server instead.[0m
 * Running on http://127.0.0.1:5000
[ 2025-11-15 23:51:33,872 ] - 97 - INFO - [33mPress CTRL+C to quit[0m
[ 2025-11-15 23:51:33,880 ] - 97 - INFO -  * Restarting with stat
[ 2025-11-15 23:53:28,536 ] - 97 - INFO -  * Restarting with stat
