[ 2025-11-16 00:00:08,672 ] - 29 - INFO - Initializing Training Pipeline configurations...
[ 2025-11-16 00:00:08,672 ] - 47 - INFO - ==== Starting Data Ingestion ====
[ 2025-11-16 00:00:12,098 ] - 56 - INFO - ==== Starting Data Processing ====
[ 2025-11-16 00:00:12,098 ] - 76 - INFO - Reading from the data ingestion_artifacts ie final_data
[ 2025-11-16 00:00:13,244 ] - 79 - INFO - Removing the unnecessary columns
[ 2025-11-16 00:00:13,244 ] - 82 - INFO - Dropping the null values
[ 2025-11-16 00:00:13,244 ] - 85 - INFO - Processing the text columns to obtain meaningful informations
[ 2025-11-16 00:00:30,583 ] - 101 - INFO - Add all these columns into 1
[ 2025-11-16 00:00:43,087 ] - 69 - INFO - ==== Starting Recommender Training ====
[ 2025-11-16 00:00:43,096 ] - 25 - INFO - Reading the processed dataframe
[ 2025-11-16 00:00:43,195 ] - 28 - INFO - Vectorizing tags using CountVectorizer
[ 2025-11-16 00:00:44,228 ] - 32 - INFO - Calculating cosine similarity matrix
[ 2025-11-16 00:00:49,011 ] - 38 - INFO - Saving vectorizer.pkl
[ 2025-11-16 00:00:49,154 ] - 42 - INFO - Saving similarity.pkl
[ 2025-11-16 00:00:50,095 ] - 45 - INFO - === MODEL TRAINING COMPLETED SUCCESSFULLY ===
[ 2025-11-16 00:00:50,500 ] - 97 - WARNING -  * Debugger is active!
[ 2025-11-16 00:00:50,518 ] - 97 - INFO -  * Debugger PIN: 134-641-721
[ 2025-11-16 00:00:50,910 ] - 97 - INFO - 127.0.0.1 - - [16/Nov/2025 00:00:50] "GET / HTTP/1.1" 200 -
[ 2025-11-16 00:00:57,080 ] - 19 - INFO - Reading the dataframe
[ 2025-11-16 00:00:57,126 ] - 26 - INFO - Loading the similarity matrix
[ 2025-11-16 00:00:57,280 ] - 39 - INFO - Recommendations generated for '10 Days in a Madhouse'
[ 2025-11-16 00:00:57,309 ] - 97 - INFO - 127.0.0.1 - - [16/Nov/2025 00:00:57] "POST /recommend HTTP/1.1" 200 -
[ 2025-11-16 00:01:05,198 ] - 19 - INFO - Reading the dataframe
[ 2025-11-16 00:01:05,256 ] - 26 - INFO - Loading the similarity matrix
[ 2025-11-16 00:01:05,374 ] - 39 - INFO - Recommendations generated for 'Batman'
[ 2025-11-16 00:01:05,427 ] - 97 - INFO - 127.0.0.1 - - [16/Nov/2025 00:01:05] "POST /recommend HTTP/1.1" 200 -
