[ 2025-11-27 12:13:47,846 ] - 29 - INFO - Initializing Training Pipeline configurations...
[ 2025-11-27 12:13:47,846 ] - 47 - INFO - ==== Starting Data Ingestion ====
[ 2025-11-27 12:13:49,616 ] - 56 - INFO - ==== Starting Data Processing ====
[ 2025-11-27 12:13:49,617 ] - 76 - INFO - Reading from the data ingestion_artifacts ie final_data
[ 2025-11-27 12:13:50,230 ] - 79 - INFO - Removing the unnecessary columns
[ 2025-11-27 12:13:50,232 ] - 82 - INFO - Dropping the null values
[ 2025-11-27 12:13:50,240 ] - 85 - INFO - Processing the text columns to obtain meaningful informations
[ 2025-11-27 12:13:58,809 ] - 101 - INFO - Add all these columns into 1
[ 2025-11-27 12:14:03,815 ] - 69 - INFO - ==== Starting Recommender Training ====
[ 2025-11-27 12:14:03,815 ] - 25 - INFO - Reading the processed dataframe
[ 2025-11-27 12:14:03,862 ] - 28 - INFO - Vectorizing tags using CountVectorizer
[ 2025-11-27 12:14:04,237 ] - 32 - INFO - Calculating cosine similarity matrix
[ 2025-11-27 12:14:05,893 ] - 38 - INFO - Saving vectorizer.pkl
[ 2025-11-27 12:14:05,909 ] - 42 - INFO - Saving similarity.pkl
[ 2025-11-27 12:14:06,730 ] - 45 - INFO - === MODEL TRAINING COMPLETED SUCCESSFULLY ===
[ 2025-11-27 12:14:06,859 ] - 97 - INFO - [31m[1mWARNING: This is a development server. Do not use it in a production deployment. Use a production WSGI server instead.[0m
 * Running on http://127.0.0.1:5000
[ 2025-11-27 12:14:06,860 ] - 97 - INFO - [33mPress CTRL+C to quit[0m
[ 2025-11-27 12:14:06,861 ] - 97 - INFO -  * Restarting with stat
[ 2025-11-27 12:19:24,353 ] - 97 - INFO -  * Restarting with stat
