[ 2025-11-22 21:37:34,426 ] - 29 - INFO - Initializing Training Pipeline configurations...
[ 2025-11-22 21:37:34,434 ] - 47 - INFO - ==== Starting Data Ingestion ====
[ 2025-11-22 21:37:37,418 ] - 56 - INFO - ==== Starting Data Processing ====
[ 2025-11-22 21:37:37,418 ] - 76 - INFO - Reading from the data ingestion_artifacts ie final_data
[ 2025-11-22 21:37:38,285 ] - 79 - INFO - Removing the unnecessary columns
[ 2025-11-22 21:37:38,285 ] - 82 - INFO - Dropping the null values
[ 2025-11-22 21:37:38,302 ] - 85 - INFO - Processing the text columns to obtain meaningful informations
[ 2025-11-22 21:37:57,630 ] - 101 - INFO - Add all these columns into 1
[ 2025-11-22 21:38:07,573 ] - 69 - INFO - ==== Starting Recommender Training ====
[ 2025-11-22 21:38:07,573 ] - 25 - INFO - Reading the processed dataframe
[ 2025-11-22 21:38:07,672 ] - 28 - INFO - Vectorizing tags using CountVectorizer
[ 2025-11-22 21:38:08,418 ] - 32 - INFO - Calculating cosine similarity matrix
[ 2025-11-22 21:38:12,175 ] - 38 - INFO - Saving vectorizer.pkl
[ 2025-11-22 21:38:12,274 ] - 42 - INFO - Saving similarity.pkl
[ 2025-11-22 21:38:13,103 ] - 45 - INFO - === MODEL TRAINING COMPLETED SUCCESSFULLY ===
[ 2025-11-22 21:38:13,363 ] - 97 - WARNING -  * Debugger is active!
[ 2025-11-22 21:38:13,395 ] - 97 - INFO -  * Debugger PIN: 134-641-721
[ 2025-11-22 21:39:27,303 ] - 97 - INFO - 127.0.0.1 - - [22/Nov/2025 21:39:27] "GET / HTTP/1.1" 200 -
[ 2025-11-22 21:39:27,900 ] - 97 - INFO - 127.0.0.1 - - [22/Nov/2025 21:39:27] "[33mGET /favicon.ico HTTP/1.1[0m" 404 -
[ 2025-11-22 21:39:32,544 ] - 19 - INFO - Reading the dataframe
[ 2025-11-22 21:39:32,644 ] - 26 - INFO - Loading the similarity matrix
[ 2025-11-22 21:39:32,796 ] - 39 - INFO - Recommendations generated for '10 Cloverfield Lane'
[ 2025-11-22 21:39:32,833 ] - 97 - INFO - 127.0.0.1 - - [22/Nov/2025 21:39:32] "POST /recommend HTTP/1.1" 200 -
[ 2025-11-22 21:39:42,890 ] - 19 - INFO - Reading the dataframe
[ 2025-11-22 21:39:42,971 ] - 26 - INFO - Loading the similarity matrix
[ 2025-11-22 21:39:43,126 ] - 39 - INFO - Recommendations generated for 'About a Boy'
[ 2025-11-22 21:39:43,180 ] - 97 - INFO - 127.0.0.1 - - [22/Nov/2025 21:39:43] "POST /recommend HTTP/1.1" 200 -
