[ 2025-11-27 12:32:58,197 ] - 29 - INFO - Initializing Training Pipeline configurations...
[ 2025-11-27 12:32:58,197 ] - 47 - INFO - ==== Starting Data Ingestion ====
[ 2025-11-27 12:32:59,832 ] - 56 - INFO - ==== Starting Data Processing ====
[ 2025-11-27 12:32:59,832 ] - 76 - INFO - Reading from the data ingestion_artifacts ie final_data
[ 2025-11-27 12:33:00,491 ] - 79 - INFO - Removing the unnecessary columns
[ 2025-11-27 12:33:00,507 ] - 82 - INFO - Dropping the null values
[ 2025-11-27 12:33:00,507 ] - 85 - INFO - Processing the text columns to obtain meaningful informations
[ 2025-11-27 12:33:08,532 ] - 101 - INFO - Add all these columns into 1
[ 2025-11-27 12:33:14,111 ] - 69 - INFO - ==== Starting Recommender Training ====
[ 2025-11-27 12:33:14,118 ] - 25 - INFO - Reading the processed dataframe
[ 2025-11-27 12:33:14,176 ] - 28 - INFO - Vectorizing tags using CountVectorizer
[ 2025-11-27 12:33:14,608 ] - 32 - INFO - Calculating cosine similarity matrix
[ 2025-11-27 12:33:16,461 ] - 38 - INFO - Saving vectorizer.pkl
[ 2025-11-27 12:33:16,501 ] - 42 - INFO - Saving similarity.pkl
[ 2025-11-27 12:33:17,171 ] - 45 - INFO - === MODEL TRAINING COMPLETED SUCCESSFULLY ===
[ 2025-11-27 12:33:17,310 ] - 97 - WARNING -  * Debugger is active!
[ 2025-11-27 12:33:17,313 ] - 97 - INFO -  * Debugger PIN: 134-641-721
[ 2025-11-27 12:34:00,241 ] - 97 - INFO - 127.0.0.1 - - [27/Nov/2025 12:34:00] "GET / HTTP/1.1" 200 -
[ 2025-11-27 12:34:13,939 ] - 19 - INFO - Reading the dataframe
[ 2025-11-27 12:34:13,970 ] - 26 - INFO - Loading the similarity matrix
[ 2025-11-27 12:34:14,104 ] - 39 - INFO - Recommendations generated for 'Batman'
[ 2025-11-27 12:35:28,894 ] - 97 - INFO - 127.0.0.1 - - [27/Nov/2025 12:35:28] "POST /recommend HTTP/1.1" 200 -
[ 2025-11-27 12:36:48,725 ] - 97 - INFO -  * Detected change in 'D:\\Movie-Recommender\\app.py', reloading
