[ 2025-11-27 12:11:03,188 ] - 29 - INFO - Initializing Training Pipeline configurations...
[ 2025-11-27 12:11:03,188 ] - 47 - INFO - ==== Starting Data Ingestion ====
[ 2025-11-27 12:11:04,967 ] - 56 - INFO - ==== Starting Data Processing ====
[ 2025-11-27 12:11:04,967 ] - 76 - INFO - Reading from the data ingestion_artifacts ie final_data
[ 2025-11-27 12:11:05,568 ] - 79 - INFO - Removing the unnecessary columns
[ 2025-11-27 12:11:05,568 ] - 82 - INFO - Dropping the null values
[ 2025-11-27 12:11:05,568 ] - 85 - INFO - Processing the text columns to obtain meaningful informations
[ 2025-11-27 12:11:14,027 ] - 101 - INFO - Add all these columns into 1
[ 2025-11-27 12:11:19,291 ] - 69 - INFO - ==== Starting Recommender Training ====
[ 2025-11-27 12:11:19,291 ] - 25 - INFO - Reading the processed dataframe
[ 2025-11-27 12:11:19,338 ] - 28 - INFO - Vectorizing tags using CountVectorizer
[ 2025-11-27 12:11:19,731 ] - 32 - INFO - Calculating cosine similarity matrix
[ 2025-11-27 12:11:21,944 ] - 38 - INFO - Saving vectorizer.pkl
[ 2025-11-27 12:11:21,976 ] - 42 - INFO - Saving similarity.pkl
[ 2025-11-27 12:11:22,637 ] - 45 - INFO - === MODEL TRAINING COMPLETED SUCCESSFULLY ===
[ 2025-11-27 12:11:22,747 ] - 97 - WARNING -  * Debugger is active!
[ 2025-11-27 12:11:22,747 ] - 97 - INFO -  * Debugger PIN: 134-641-721
[ 2025-11-27 12:11:24,150 ] - 19 - INFO - Reading the dataframe
[ 2025-11-27 12:11:24,195 ] - 26 - INFO - Loading the similarity matrix
[ 2025-11-27 12:11:24,337 ] - 39 - INFO - Recommendations generated for '11:14'
[ 2025-11-27 12:11:24,391 ] - 97 - INFO - 127.0.0.1 - - [27/Nov/2025 12:11:24] "POST /recommend HTTP/1.1" 200 -
[ 2025-11-27 12:11:33,754 ] - 19 - INFO - Reading the dataframe
[ 2025-11-27 12:11:33,796 ] - 26 - INFO - Loading the similarity matrix
[ 2025-11-27 12:11:33,896 ] - 39 - INFO - Recommendations generated for 'Batman'
[ 2025-11-27 12:11:33,917 ] - 97 - INFO - 127.0.0.1 - - [27/Nov/2025 12:11:33] "POST /recommend HTTP/1.1" 200 -
[ 2025-11-27 12:12:23,361 ] - 97 - INFO -  * Detected change in 'D:\\Movie-Recommender\\app.py', reloading
