[ 2025-11-27 12:22:23,201 ] - 29 - INFO - Initializing Training Pipeline configurations...
[ 2025-11-27 12:22:23,201 ] - 47 - INFO - ==== Starting Data Ingestion ====
[ 2025-11-27 12:22:24,816 ] - 56 - INFO - ==== Starting Data Processing ====
[ 2025-11-27 12:22:24,816 ] - 76 - INFO - Reading from the data ingestion_artifacts ie final_data
[ 2025-11-27 12:22:25,396 ] - 79 - INFO - Removing the unnecessary columns
[ 2025-11-27 12:22:25,396 ] - 82 - INFO - Dropping the null values
[ 2025-11-27 12:22:25,411 ] - 85 - INFO - Processing the text columns to obtain meaningful informations
[ 2025-11-27 12:22:33,312 ] - 101 - INFO - Add all these columns into 1
[ 2025-11-27 12:22:38,264 ] - 69 - INFO - ==== Starting Recommender Training ====
[ 2025-11-27 12:22:38,264 ] - 25 - INFO - Reading the processed dataframe
[ 2025-11-27 12:22:38,323 ] - 28 - INFO - Vectorizing tags using CountVectorizer
[ 2025-11-27 12:22:38,690 ] - 32 - INFO - Calculating cosine similarity matrix
[ 2025-11-27 12:22:41,050 ] - 38 - INFO - Saving vectorizer.pkl
[ 2025-11-27 12:22:41,085 ] - 42 - INFO - Saving similarity.pkl
[ 2025-11-27 12:22:42,730 ] - 45 - INFO - === MODEL TRAINING COMPLETED SUCCESSFULLY ===
[ 2025-11-27 12:22:43,219 ] - 97 - INFO - [31m[1mWARNING: This is a development server. Do not use it in a production deployment. Use a production WSGI server instead.[0m
 * Running on http://127.0.0.1:5000
[ 2025-11-27 12:22:43,219 ] - 97 - INFO - [33mPress CTRL+C to quit[0m
[ 2025-11-27 12:22:43,219 ] - 97 - INFO -  * Restarting with stat
[ 2025-11-27 12:29:57,479 ] - 97 - INFO -  * Restarting with stat
