[ 2025-11-27 11:56:17,938 ] - 29 - INFO - Initializing Training Pipeline configurations...
[ 2025-11-27 11:56:17,938 ] - 47 - INFO - ==== Starting Data Ingestion ====
[ 2025-11-27 11:56:19,894 ] - 56 - INFO - ==== Starting Data Processing ====
[ 2025-11-27 11:56:19,894 ] - 76 - INFO - Reading from the data ingestion_artifacts ie final_data
[ 2025-11-27 11:56:20,886 ] - 79 - INFO - Removing the unnecessary columns
[ 2025-11-27 11:56:20,904 ] - 82 - INFO - Dropping the null values
[ 2025-11-27 11:56:20,904 ] - 85 - INFO - Processing the text columns to obtain meaningful informations
[ 2025-11-27 11:56:30,850 ] - 101 - INFO - Add all these columns into 1
[ 2025-11-27 11:56:36,330 ] - 69 - INFO - ==== Starting Recommender Training ====
[ 2025-11-27 11:56:36,330 ] - 25 - INFO - Reading the processed dataframe
[ 2025-11-27 11:56:36,384 ] - 28 - INFO - Vectorizing tags using CountVectorizer
[ 2025-11-27 11:56:36,787 ] - 32 - INFO - Calculating cosine similarity matrix
[ 2025-11-27 11:56:39,330 ] - 38 - INFO - Saving vectorizer.pkl
[ 2025-11-27 11:56:39,424 ] - 42 - INFO - Saving similarity.pkl
[ 2025-11-27 11:56:40,087 ] - 45 - INFO - === MODEL TRAINING COMPLETED SUCCESSFULLY ===
[ 2025-11-27 11:56:40,390 ] - 97 - WARNING -  * Debugger is active!
[ 2025-11-27 11:56:40,395 ] - 97 - INFO -  * Debugger PIN: 134-641-721
[ 2025-11-27 11:56:41,545 ] - 97 - INFO - 127.0.0.1 - - [27/Nov/2025 11:56:41] "GET / HTTP/1.1" 200 -
[ 2025-11-27 11:56:50,092 ] - 19 - INFO - Reading the dataframe
[ 2025-11-27 11:56:50,144 ] - 26 - INFO - Loading the similarity matrix
[ 2025-11-27 11:56:50,246 ] - 39 - INFO - Recommendations generated for '(500) Days of Summer'
[ 2025-11-27 11:56:50,281 ] - 97 - INFO - 127.0.0.1 - - [27/Nov/2025 11:56:50] "POST /recommend HTTP/1.1" 200 -
[ 2025-11-27 12:00:10,604 ] - 97 - INFO -  * Detected change in 'D:\\Movie-Recommender\\src\\utils\\utils.py', reloading
