[ 2025-11-27 11:07:34,790 ] - 29 - INFO - Initializing Training Pipeline configurations...
[ 2025-11-27 11:07:34,806 ] - 47 - INFO - ==== Starting Data Ingestion ====
[ 2025-11-27 11:07:38,260 ] - 56 - INFO - ==== Starting Data Processing ====
[ 2025-11-27 11:07:38,260 ] - 76 - INFO - Reading from the data ingestion_artifacts ie final_data
[ 2025-11-27 11:07:39,337 ] - 79 - INFO - Removing the unnecessary columns
[ 2025-11-27 11:07:39,353 ] - 82 - INFO - Dropping the null values
[ 2025-11-27 11:07:39,353 ] - 85 - INFO - Processing the text columns to obtain meaningful informations
[ 2025-11-27 11:07:56,496 ] - 101 - INFO - Add all these columns into 1
[ 2025-11-27 11:08:08,603 ] - 69 - INFO - ==== Starting Recommender Training ====
[ 2025-11-27 11:08:08,603 ] - 25 - INFO - Reading the processed dataframe
[ 2025-11-27 11:08:08,712 ] - 28 - INFO - Vectorizing tags using CountVectorizer
[ 2025-11-27 11:08:09,555 ] - 32 - INFO - Calculating cosine similarity matrix
[ 2025-11-27 11:08:13,163 ] - 38 - INFO - Saving vectorizer.pkl
[ 2025-11-27 11:08:13,218 ] - 42 - INFO - Saving similarity.pkl
[ 2025-11-27 11:08:14,301 ] - 45 - INFO - === MODEL TRAINING COMPLETED SUCCESSFULLY ===
[ 2025-11-27 11:08:14,977 ] - 97 - INFO - [31m[1mWARNING: This is a development server. Do not use it in a production deployment. Use a production WSGI server instead.[0m
 * Running on http://127.0.0.1:5000
[ 2025-11-27 11:08:14,977 ] - 97 - INFO - [33mPress CTRL+C to quit[0m
[ 2025-11-27 11:08:14,988 ] - 97 - INFO -  * Restarting with stat
[ 2025-11-27 11:27:05,504 ] - 97 - INFO -  * Restarting with stat
[ 2025-11-27 11:52:38,826 ] - 97 - INFO -  * Restarting with stat
[ 2025-11-27 11:53:09,167 ] - 97 - INFO -  * Restarting with stat
[ 2025-11-27 11:53:41,729 ] - 97 - INFO -  * Restarting with stat
[ 2025-11-27 11:54:35,047 ] - 97 - INFO -  * Restarting with stat
