[ 2025-11-27 11:55:56,758 ] - 29 - INFO - Initializing Training Pipeline configurations...
[ 2025-11-27 11:55:56,758 ] - 47 - INFO - ==== Starting Data Ingestion ====
[ 2025-11-27 11:55:58,380 ] - 56 - INFO - ==== Starting Data Processing ====
[ 2025-11-27 11:55:58,380 ] - 76 - INFO - Reading from the data ingestion_artifacts ie final_data
[ 2025-11-27 11:55:58,960 ] - 79 - INFO - Removing the unnecessary columns
[ 2025-11-27 11:55:58,960 ] - 82 - INFO - Dropping the null values
[ 2025-11-27 11:55:58,960 ] - 85 - INFO - Processing the text columns to obtain meaningful informations
[ 2025-11-27 11:56:07,002 ] - 101 - INFO - Add all these columns into 1
[ 2025-11-27 11:56:11,845 ] - 69 - INFO - ==== Starting Recommender Training ====
[ 2025-11-27 11:56:11,860 ] - 25 - INFO - Reading the processed dataframe
[ 2025-11-27 11:56:11,914 ] - 28 - INFO - Vectorizing tags using CountVectorizer
[ 2025-11-27 11:56:12,300 ] - 32 - INFO - Calculating cosine similarity matrix
[ 2025-11-27 11:56:14,189 ] - 38 - INFO - Saving vectorizer.pkl
[ 2025-11-27 11:56:14,268 ] - 42 - INFO - Saving similarity.pkl
[ 2025-11-27 11:56:14,854 ] - 45 - INFO - === MODEL TRAINING COMPLETED SUCCESSFULLY ===
[ 2025-11-27 11:56:15,021 ] - 97 - INFO - [31m[1mWARNING: This is a development server. Do not use it in a production deployment. Use a production WSGI server instead.[0m
 * Running on http://127.0.0.1:5000
[ 2025-11-27 11:56:15,021 ] - 97 - INFO - [33mPress CTRL+C to quit[0m
[ 2025-11-27 11:56:15,022 ] - 97 - INFO -  * Restarting with stat
[ 2025-11-27 12:00:11,021 ] - 97 - INFO -  * Restarting with stat
