[ 2025-11-27 12:07:46,748 ] - 29 - INFO - Initializing Training Pipeline configurations...
[ 2025-11-27 12:07:46,748 ] - 47 - INFO - ==== Starting Data Ingestion ====
[ 2025-11-27 12:07:48,372 ] - 56 - INFO - ==== Starting Data Processing ====
[ 2025-11-27 12:07:48,372 ] - 76 - INFO - Reading from the data ingestion_artifacts ie final_data
[ 2025-11-27 12:07:48,952 ] - 79 - INFO - Removing the unnecessary columns
[ 2025-11-27 12:07:48,952 ] - 82 - INFO - Dropping the null values
[ 2025-11-27 12:07:48,952 ] - 85 - INFO - Processing the text columns to obtain meaningful informations
[ 2025-11-27 12:07:57,201 ] - 101 - INFO - Add all these columns into 1
[ 2025-11-27 12:08:02,876 ] - 69 - INFO - ==== Starting Recommender Training ====
[ 2025-11-27 12:08:02,892 ] - 25 - INFO - Reading the processed dataframe
[ 2025-11-27 12:08:02,941 ] - 28 - INFO - Vectorizing tags using CountVectorizer
[ 2025-11-27 12:08:03,426 ] - 32 - INFO - Calculating cosine similarity matrix
[ 2025-11-27 12:08:05,158 ] - 38 - INFO - Saving vectorizer.pkl
[ 2025-11-27 12:08:05,173 ] - 42 - INFO - Saving similarity.pkl
[ 2025-11-27 12:08:05,806 ] - 45 - INFO - === MODEL TRAINING COMPLETED SUCCESSFULLY ===
[ 2025-11-27 12:08:05,948 ] - 97 - INFO - [31m[1mWARNING: This is a development server. Do not use it in a production deployment. Use a production WSGI server instead.[0m
 * Running on http://127.0.0.1:5000
[ 2025-11-27 12:08:05,948 ] - 97 - INFO - [33mPress CTRL+C to quit[0m
[ 2025-11-27 12:08:05,948 ] - 97 - INFO -  * Restarting with stat
[ 2025-11-27 12:10:59,650 ] - 97 - INFO -  * Restarting with stat
[ 2025-11-27 12:12:23,695 ] - 97 - INFO -  * Restarting with stat
