[ 2025-11-27 12:22:47,267 ] - 29 - INFO - Initializing Training Pipeline configurations...
[ 2025-11-27 12:22:47,268 ] - 47 - INFO - ==== Starting Data Ingestion ====
[ 2025-11-27 12:22:49,002 ] - 56 - INFO - ==== Starting Data Processing ====
[ 2025-11-27 12:22:49,002 ] - 76 - INFO - Reading from the data ingestion_artifacts ie final_data
[ 2025-11-27 12:22:49,612 ] - 79 - INFO - Removing the unnecessary columns
[ 2025-11-27 12:22:49,612 ] - 82 - INFO - Dropping the null values
[ 2025-11-27 12:22:49,612 ] - 85 - INFO - Processing the text columns to obtain meaningful informations
[ 2025-11-27 12:22:58,450 ] - 101 - INFO - Add all these columns into 1
[ 2025-11-27 12:23:04,147 ] - 69 - INFO - ==== Starting Recommender Training ====
[ 2025-11-27 12:23:04,149 ] - 25 - INFO - Reading the processed dataframe
[ 2025-11-27 12:23:04,198 ] - 28 - INFO - Vectorizing tags using CountVectorizer
[ 2025-11-27 12:23:04,648 ] - 32 - INFO - Calculating cosine similarity matrix
[ 2025-11-27 12:23:06,456 ] - 38 - INFO - Saving vectorizer.pkl
[ 2025-11-27 12:23:06,486 ] - 42 - INFO - Saving similarity.pkl
[ 2025-11-27 12:23:07,204 ] - 45 - INFO - === MODEL TRAINING COMPLETED SUCCESSFULLY ===
[ 2025-11-27 12:23:07,302 ] - 97 - WARNING -  * Debugger is active!
[ 2025-11-27 12:23:07,314 ] - 97 - INFO -  * Debugger PIN: 134-641-721
[ 2025-11-27 12:23:07,412 ] - 97 - INFO - 127.0.0.1 - - [27/Nov/2025 12:23:07] "[31m[1mGET /recommend HTTP/1.1[0m" 405 -
[ 2025-11-27 12:23:29,502 ] - 97 - INFO - 127.0.0.1 - - [27/Nov/2025 12:23:29] "GET / HTTP/1.1" 200 -
[ 2025-11-27 12:23:30,734 ] - 97 - INFO - 127.0.0.1 - - [27/Nov/2025 12:23:30] "[33mGET /favicon.ico HTTP/1.1[0m" 404 -
[ 2025-11-27 12:26:01,920 ] - 19 - INFO - Reading the dataframe
[ 2025-11-27 12:26:01,969 ] - 26 - INFO - Loading the similarity matrix
[ 2025-11-27 12:26:02,076 ] - 39 - INFO - Recommendations generated for '1408'
[ 2025-11-27 12:26:02,084 ] - 97 - INFO - 127.0.0.1 - - [27/Nov/2025 12:26:02] "POST /recommend HTTP/1.1" 200 -
[ 2025-11-27 12:29:57,039 ] - 97 - INFO -  * Detected change in 'D:\\Movie-Recommender\\src\\utils\\utils.py', reloading
