[ 2025-11-27 12:14:09,083 ] - 29 - INFO - Initializing Training Pipeline configurations...
[ 2025-11-27 12:14:09,083 ] - 47 - INFO - ==== Starting Data Ingestion ====
[ 2025-11-27 12:14:10,915 ] - 56 - INFO - ==== Starting Data Processing ====
[ 2025-11-27 12:14:10,915 ] - 76 - INFO - Reading from the data ingestion_artifacts ie final_data
[ 2025-11-27 12:14:11,529 ] - 79 - INFO - Removing the unnecessary columns
[ 2025-11-27 12:14:11,531 ] - 82 - INFO - Dropping the null values
[ 2025-11-27 12:14:11,534 ] - 85 - INFO - Processing the text columns to obtain meaningful informations
[ 2025-11-27 12:14:20,077 ] - 101 - INFO - Add all these columns into 1
[ 2025-11-27 12:14:25,403 ] - 69 - INFO - ==== Starting Recommender Training ====
[ 2025-11-27 12:14:25,418 ] - 25 - INFO - Reading the processed dataframe
[ 2025-11-27 12:14:25,464 ] - 28 - INFO - Vectorizing tags using CountVectorizer
[ 2025-11-27 12:14:25,934 ] - 32 - INFO - Calculating cosine similarity matrix
[ 2025-11-27 12:14:27,737 ] - 38 - INFO - Saving vectorizer.pkl
[ 2025-11-27 12:14:27,752 ] - 42 - INFO - Saving similarity.pkl
[ 2025-11-27 12:14:28,471 ] - 45 - INFO - === MODEL TRAINING COMPLETED SUCCESSFULLY ===
[ 2025-11-27 12:14:28,569 ] - 97 - WARNING -  * Debugger is active!
[ 2025-11-27 12:14:28,589 ] - 97 - INFO -  * Debugger PIN: 134-641-721
[ 2025-11-27 12:14:28,864 ] - 97 - INFO - 127.0.0.1 - - [27/Nov/2025 12:14:28] "GET / HTTP/1.1" 200 -
[ 2025-11-27 12:14:36,766 ] - 19 - INFO - Reading the dataframe
[ 2025-11-27 12:14:36,819 ] - 26 - INFO - Loading the similarity matrix
[ 2025-11-27 12:14:36,918 ] - 39 - INFO - Recommendations generated for '127 Hours'
[ 2025-11-27 12:14:36,950 ] - 97 - INFO - 127.0.0.1 - - [27/Nov/2025 12:14:36] "POST /recommend HTTP/1.1" 200 -
[ 2025-11-27 12:19:24,071 ] - 97 - INFO -  * Detected change in 'D:\\Movie-Recommender\\src\\utils\\utils.py', reloading
